Open5GS daemon v2.5.5

02/10 21:03:39.452: [app] INFO: Configuration: '/home/cp105/open5gs/install/etc/open5gs/mme.yaml' (../lib/app/ogs-init.c:126)
02/10 21:03:39.452: [app] INFO: File Logging: '/home/cp105/open5gs/install/var/log/open5gs/mme.log' (../lib/app/ogs-init.c:129)
02/10 21:03:39.761: [gtp] INFO: gtp_server() [127.0.0.2]:2123 (../lib/gtp/path.c:30)
02/10 21:03:39.761: [gtp] INFO: gtp_connect() [127.0.0.3]:2123 (../lib/gtp/path.c:60)
02/10 21:03:39.761: [mme] INFO: s1ap_server() [127.0.0.2]:36412 (../src/mme/s1ap-sctp.c:62)
02/10 21:03:39.761: [sctp] INFO: MME initialize...done (../src/mme/app-init.c:33)
02/10 21:04:21.032: [diam] INFO: CONNECTED TO 'hss.localdomain' (SCTP,soc#8): (../lib/diameter/common/logger.c:108)
02/10 21:09:10.650: [app] INFO: SIGINT received (../src/main.c:53)
02/10 21:09:10.692: [app] INFO: Open5GS daemon terminating... (../src/main.c:226)
02/10 21:09:10.831: [sctp] INFO: MME terminate...done (../src/mme/app-init.c:42)
Open5GS daemon v2.5.5

02/10 21:24:10.215: [app] INFO: Configuration: '/home/cp105/open5gs/install/etc/open5gs/mme.yaml' (../lib/app/ogs-init.c:126)
02/10 21:24:10.215: [app] INFO: File Logging: '/home/cp105/open5gs/install/var/log/open5gs/mme.log' (../lib/app/ogs-init.c:129)
02/10 21:24:10.308: [gtp] INFO: gtp_server() [127.0.0.2]:2123 (../lib/gtp/path.c:30)
02/10 21:24:10.309: [gtp] INFO: gtp_connect() [127.0.0.3]:2123 (../lib/gtp/path.c:60)
02/10 21:24:10.309: [mme] INFO: s1ap_server() [127.0.0.2]:36412 (../src/mme/s1ap-sctp.c:62)
02/10 21:24:10.309: [sctp] INFO: MME initialize...done (../src/mme/app-init.c:33)
02/10 21:24:53.296: [diam] INFO: CONNECTED TO 'hss.localdomain' (SCTP,soc#8): (../lib/diameter/common/logger.c:108)
02/10 22:15:49.898: [diam] ERROR: pid:PSM/hss.localdomain in fd_cnx_send@cnxctx.c:1893: ERROR: Invalid parameter '(conn && (conn->cc_socket > 0) && (! fd_cnx_teststate(conn, 2)) && buf && len)', 22
 ((null):0)
02/10 22:15:49.959: [diam] ERROR: pid:PSM/hss.localdomain in do_send@libfdproto.h:80: ERROR: in '(ret = fd_cnx_send(cnx, buf, sz))' :	Invalid argument
 ((null):0)
02/10 22:15:49.959: [diam] ERROR: pid:PSM/hss.localdomain in fd_out_send@libfdproto.h:197: ERROR: in '(ret = do_send(msg, cnx, hbh, peer))' :	Invalid argument
 ((null):0)
02/10 22:15:49.959: [diam] ERROR: pid:PSM/hss.localdomain in md_hook_cb_tree@dbg_msg_dumps.c:116: DROPPED 'Error while sending this message: Invalid argument'
 ((null):0)
02/10 22:15:49.959: [diam] ERROR: pid:PSM/hss.localdomain in md_hook_cb_tree@dbg_msg_dumps.c:117:      'Disconnect-Peer-Answer'
 ((null):0)
02/10 22:15:49.959: [diam] ERROR: pid:PSM/hss.localdomain in md_hook_cb_tree@dbg_msg_dumps.c:117:        Version: 0x01
 ((null):0)
02/10 22:15:49.959: [diam] ERROR: pid:PSM/hss.localdomain in md_hook_cb_tree@dbg_msg_dumps.c:117:        Length: 76
 ((null):0)
02/10 22:15:49.959: [diam] ERROR: pid:PSM/hss.localdomain in md_hook_cb_tree@dbg_msg_dumps.c:117:        Flags: 0x00 (----)
 ((null):0)
02/10 22:15:49.959: [diam] ERROR: pid:PSM/hss.localdomain in md_hook_cb_tree@dbg_msg_dumps.c:117:        Command Code: 282
 ((null):0)
02/10 22:15:49.959: [diam] ERROR: pid:PSM/hss.localdomain in md_hook_cb_tree@dbg_msg_dumps.c:117:        ApplicationId: 0
 ((null):0)
02/10 22:15:49.959: [diam] ERROR: pid:PSM/hss.localdomain in md_hook_cb_tree@dbg_msg_dumps.c:117:        Hop-by-Hop Identifier: 0x7A271469
 ((null):0)
02/10 22:15:49.959: [diam] ERROR: pid:PSM/hss.localdomain in md_hook_cb_tree@dbg_msg_dumps.c:117:        End-to-End Identifier: 0xDE5B5DE0
 ((null):0)
02/10 22:15:49.959: [diam] ERROR: pid:PSM/hss.localdomain in md_hook_cb_tree@dbg_msg_dumps.c:117:         {internal data}: src:(nil)(0) rwb:(nil) rt:0 cb:(nil),(nil)((nil)) qry:0x7fb8e0001c30 asso:0 sess:(nil)
 ((null):0)
02/10 22:15:49.959: [diam] ERROR: pid:PSM/hss.localdomain in md_hook_cb_tree@dbg_msg_dumps.c:117:         AVP: 'Origin-Host'(264) l=23 f=-M val="mme.localdomain"
 ((null):0)
02/10 22:15:49.959: [diam] ERROR: pid:PSM/hss.localdomain in md_hook_cb_tree@dbg_msg_dumps.c:117:         AVP: 'Origin-Realm'(296) l=19 f=-M val="localdomain"
 ((null):0)
02/10 22:15:49.959: [diam] ERROR: pid:PSM/hss.localdomain in md_hook_cb_tree@dbg_msg_dumps.c:117:         AVP: 'Result-Code'(268) l=12 f=-M val='DIAMETER_SUCCESS' (2001 (0x7d1))
 ((null):0)
02/10 22:16:05.426: [app] INFO: SIGINT received (../src/main.c:53)
02/10 22:16:05.426: [app] INFO: Open5GS daemon terminating... (../src/main.c:226)
02/10 22:16:06.306: [sctp] INFO: MME terminate...done (../src/mme/app-init.c:42)
